<!DOCTYPE html PUBLIC "-//W3C//DTD XHTML 1.1//EN" "https://www.w3.org/TR/xhtml11/DTD/xhtml11.dtd">
<html xmlns="https://www.w3.org/1999/xhtml">
<head>
<meta http-equiv="content-type" content="text/html; charset=UTF-8"/>
<title>TestNG Report</title>
<style type="text/css">table {margin-bottom:10px;border-collapse:collapse;empty-cells:show}th,td {border:1px solid #009;padding:.25em .5em}th {vertical-align:bottom}td {vertical-align:top}table a {font-weight:bold}.stripe td {background-color: #E6EBF9}.num {text-align:right}.passedodd td {background-color: #3F3}.passedeven td {background-color: #0A0}.skippedodd td {background-color: #DDD}.skippedeven td {background-color: #CCC}.failedodd td,.attn {background-color: #F33}.failedeven td,.stripe .attn {background-color: #D00}.stacktrace {white-space:pre;font-family:monospace}.totop {font-size:85%;text-align:center;border-bottom:2px solid #000}.invisible {display:none}</style>
</head>
<body>
<table>
<tr><th>Test</th><th># Passed</th><th># Skipped</th><th># Retried</th><th># Failed</th><th>Time (ms)</th><th>Included Groups</th><th>Excluded Groups</th></tr>
<tr><th colspan="8">Surefire suite</th></tr>
<tr><td><a href="#t0">Surefire test</a></td><td class="num">16</td><td class="num">0</td><td class="num">0</td><td class="num attn">4</td><td class="num">114,078</td><td></td><td></td></tr>
</table>
<table id='summary'><thead><tr><th>Class</th><th>Method</th><th>Start</th><th>Time (ms)</th></tr></thead><tbody><tr><th colspan="4">Surefire suite</th></tr></tbody><tbody id="t0"><tr><th colspan="4">Surefire test &#8212; failed</th></tr><tr class="failedeven"><td rowspan="1">ui.tests.LoginTest</td><td><a href="#m0">loginUser</a></td><td rowspan="1">1771040009026</td><td rowspan="1">15811</td></tr><tr class="failedodd"><td rowspan="1">ui.tests.RegisterTest</td><td><a href="#m1">registerUser</a></td><td rowspan="1">1771039987903</td><td rowspan="1">3967</td></tr><tr class="failedeven"><td rowspan="1">ui.tests.TestCasesPageTest</td><td><a href="#m2">goToTestCasePage</a></td><td rowspan="1">1771040044179</td><td rowspan="1">11128</td></tr><tr class="failedodd"><td rowspan="1">ui.tests.ViewProductTest</td><td><a href="#m3">viewProduct</a></td><td rowspan="1">1771040069810</td><td rowspan="1">11168</td></tr><tr><th colspan="4">Surefire test &#8212; passed</th></tr><tr class="passedeven"><td rowspan="2">api.tests.AllProducsTest</td><td><a href="#m4">getAllProductsTest</a></td><td rowspan="1">1771040094711</td><td rowspan="1">324</td></tr><tr class="passedeven"><td><a href="#m5">postToALlProductsTest</a></td><td rowspan="1">1771040095037</td><td rowspan="1">260</td></tr><tr class="passedodd"><td rowspan="1">api.tests.DeleteUserTest</td><td><a href="#m6">deleteUserAPI</a></td><td rowspan="1">1771040095298</td><td rowspan="1">553</td></tr><tr class="passedeven"><td rowspan="2">api.tests.LoginUserTest</td><td><a href="#m7">loginUserTest</a></td><td rowspan="1">1771040095852</td><td rowspan="1">533</td></tr><tr class="passedeven"><td><a href="#m8">loginUserWithInvalidEmailTest</a></td><td rowspan="1">1771040096386</td><td rowspan="1">262</td></tr><tr class="passedodd"><td rowspan="2">api.tests.ProductBrandListTest</td><td><a href="#m9">getProductBrandListTest</a></td><td rowspan="1">1771040093660</td><td rowspan="1">494</td></tr><tr class="passedodd"><td><a href="#m10">putProductBrandListTest</a></td><td rowspan="1">1771040094155</td><td rowspan="1">269</td></tr><tr class="passedeven"><td rowspan="1">api.tests.RegisterUserTest</td><td><a href="#m11">registerUserAPI</a></td><td rowspan="1">1771040094425</td><td rowspan="1">285</td></tr><tr class="passedodd"><td rowspan="2">api.tests.SearchProductsTest</td><td><a href="#m12">searchProductsTest</a></td><td rowspan="1">1771040092729</td><td rowspan="1">651</td></tr><tr class="passedodd"><td><a href="#m13">searchProductsTest2</a></td><td rowspan="1">1771040093381</td><td rowspan="1">278</td></tr><tr class="passedeven"><td rowspan="1">ui.tests.IncorrectLoginTest</td><td><a href="#m14">loginFailTest</a></td><td rowspan="1">1771040029864</td><td rowspan="1">3120</td></tr><tr class="passedodd"><td rowspan="1">ui.tests.LogoutUserTest</td><td><a href="#m15">logoutUser</a></td><td rowspan="1">1771039996424</td><td rowspan="1">7970</td></tr><tr class="passedeven"><td rowspan="1">ui.tests.ProductSearchTest</td><td><a href="#m16">productSearch</a></td><td rowspan="1">1771040035105</td><td rowspan="1">4470</td></tr><tr class="passedodd"><td rowspan="1">ui.tests.RegWithExistingMailTest</td><td><a href="#m17">regWithExistingMail</a></td><td rowspan="1">1771040060707</td><td rowspan="1">4576</td></tr><tr class="passedeven"><td rowspan="1">ui.tests.SubscriptionCartTest</td><td><a href="#m18">verifySubscriptionInCartPage</a></td><td rowspan="1">1771040089486</td><td rowspan="1">3172</td></tr><tr class="passedodd"><td rowspan="1">ui.tests.SubscriptionHomeTest</td><td><a href="#m19">verifySubscription</a></td><td rowspan="1">1771040086268</td><td rowspan="1">1118</td></tr></tbody>
</table>
<h2>Surefire test</h2><h3 id="m0">ui.tests.LoginTest#loginUser</h3><table class="result"><tr><th>Exception</th></tr><tr><td><div class="stacktrace">org.openqa.selenium.TimeoutException: Expected condition failed: waiting for visibility of element located by By.xpath: //h2[contains(normalize-space(),&apos;Account Deleted!&apos;)] (tried for 10 second(s) with 500 milliseconds interval)
Build info: version: &apos;4.38.0&apos;, revision: &apos;6b412e825c*&apos;
System info: os.name: &apos;Linux&apos;, os.arch: &apos;amd64&apos;, os.version: &apos;6.14.0-37-generic&apos;, java.version: &apos;11.0.29&apos;
Driver info: org.openqa.selenium.chrome.ChromeDriver
Capabilities {acceptInsecureCerts: false, browserName: chrome, browserVersion: 141.0.7390.107, chrome: {chromedriverVersion: 141.0.7390.122 (b477534e7e1..., userDataDir: /tmp/.org.chromium.Chromium...}, fedcm:accounts: true, goog:chromeOptions: {debuggerAddress: localhost:44933}, networkConnectionEnabled: false, pageLoadStrategy: normal, platformName: linux, proxy: Proxy(), se:cdp: ws://localhost:44933/devtoo..., se:cdpVersion: 141.0.7390.107, setWindowRect: true, strictFileInteractability: false, timeouts: {implicit: 0, pageLoad: 300000, script: 30000}, unhandledPromptBehavior: dismiss and notify, webauthn:extension:credBlob: true, webauthn:extension:largeBlob: true, webauthn:extension:minPinLength: true, webauthn:extension:prf: true, webauthn:virtualAuthenticators: true}
Session ID: 82698a7f903a554045bf0b0b374310bf
	at org.openqa.selenium.support.ui.WebDriverWait.timeoutException(WebDriverWait.java:84)
	at org.openqa.selenium.support.ui.FluentWait.until(FluentWait.java:228)
	at ui.base.BasePage.waitForVisible(BasePage.java:29)
	at ui.pages.HomePage.isAccountDeletedVisible(HomePage.java:58)
	at ui.tests.LoginTest.loginUser(LoginTest.java:33)
	at java.base/java.util.ArrayList.forEach(ArrayList.java:1541)
... Removed 31 stack frames</div></td></tr></table><p class="totop"><a href="#summary">back to summary</a></p>
<h3 id="m1">ui.tests.RegisterTest#registerUser</h3><table class="result"><tr><th>Exception</th></tr><tr><td><div class="stacktrace">org.openqa.selenium.ElementClickInterceptedException: element click intercepted: Element &lt;button type=&quot;submit&quot; data-qa=&quot;signup-button&quot; class=&quot;btn btn-default&quot;&gt;...&lt;/button&gt; is not clickable at point (926, 420). Other element would receive the click: &lt;iframe id=&quot;aswift_2&quot; name=&quot;aswift_2&quot; style=&quot;min-height: auto !important; max-height: none !important; min-width: auto !important; max-width: none !important; width: 100vw !important; height: 100vh !important; inset: 0px auto auto 0px !important; position: absolute !important; clear: none !important; display: inline !important; float: none !important; margin: 0px !important; opacity: 1 !important; overflow: visible !important; padding: 0px !important; vertical-align: baseline !important; visibility: visible !important; z-index: auto !important;&quot; sandbox=&quot;allow-forms allow-popups allow-popups-to-escape-sandbox allow-same-origin allow-scripts allow-top-navigation-by-user-activation&quot; width=&quot;&quot; height=&quot;&quot; frameborder=&quot;0&quot; marginwidth=&quot;0&quot; marginheight=&quot;0&quot; vspace=&quot;0&quot; hspace=&quot;0&quot; allowtransparency=&quot;true&quot; scrolling=&quot;no&quot; allow=&quot;attribution-reporting; run-ad-auction&quot; src=&quot;https://googleads.g.doubleclick.net/pagead/html/r20260211/r20190131/zrt_lookup_fy2021.html#RS-0-&amp;amp;adk=1812271808&amp;amp;client=ca-pub-1677597403311019&amp;amp;fa=8&amp;amp;ifi=3&amp;amp;uci=a!3&quot; data-google-container-id=&quot;a!3&quot; tabindex=&quot;0&quot; title=&quot;Advertisement&quot; aria-label=&quot;Advertisement&quot; data-google-query-id=&quot;CJK9o4uG2JIDFUWK_Qcd7koBAA&quot; data-load-complete=&quot;true&quot;&gt;&lt;/iframe&gt;
  (Session info: chrome=141.0.7390.107)
Build info: version: &apos;4.38.0&apos;, revision: &apos;6b412e825c*&apos;
System info: os.name: &apos;Linux&apos;, os.arch: &apos;amd64&apos;, os.version: &apos;6.14.0-37-generic&apos;, java.version: &apos;11.0.29&apos;
Driver info: org.openqa.selenium.chrome.ChromeDriver
Command: [9ac92f90f6ba8cf3abba17e397947787, clickElement {id=f.17905D8675D3C25B355C3D9909E67363.d.4C9B170C2DAE333FB5AC137B480777EF.e.57}]
Capabilities {acceptInsecureCerts: false, browserName: chrome, browserVersion: 141.0.7390.107, chrome: {chromedriverVersion: 141.0.7390.122 (b477534e7e1..., userDataDir: /tmp/.org.chromium.Chromium...}, fedcm:accounts: true, goog:chromeOptions: {debuggerAddress: localhost:35993}, networkConnectionEnabled: false, pageLoadStrategy: normal, platformName: linux, proxy: Proxy(), se:cdp: ws://localhost:35993/devtoo..., se:cdpVersion: 141.0.7390.107, setWindowRect: true, strictFileInteractability: false, timeouts: {implicit: 0, pageLoad: 300000, script: 30000}, unhandledPromptBehavior: dismiss and notify, webauthn:extension:credBlob: true, webauthn:extension:largeBlob: true, webauthn:extension:minPinLength: true, webauthn:extension:prf: true, webauthn:virtualAuthenticators: true}
Element: [[ChromeDriver: chrome on linux (9ac92f90f6ba8cf3abba17e397947787)] -&gt; xpath: //button[text()=&apos;Signup&apos;]]
Session ID: 9ac92f90f6ba8cf3abba17e397947787
	at org.openqa.selenium.remote.ErrorCodec.decode(ErrorCodec.java:167)
	at org.openqa.selenium.remote.codec.w3c.W3CHttpResponseCodec.decode(W3CHttpResponseCodec.java:138)
	at org.openqa.selenium.remote.codec.w3c.W3CHttpResponseCodec.decode(W3CHttpResponseCodec.java:50)
	at org.openqa.selenium.remote.HttpCommandExecutor.execute(HttpCommandExecutor.java:215)
	at org.openqa.selenium.remote.service.DriverCommandExecutor.invokeExecute(DriverCommandExecutor.java:216)
	at org.openqa.selenium.remote.service.DriverCommandExecutor.execute(DriverCommandExecutor.java:174)
	at org.openqa.selenium.remote.RemoteWebDriver.execute(RemoteWebDriver.java:557)
	at org.openqa.selenium.remote.RemoteWebElement.execute(RemoteWebElement.java:223)
	at org.openqa.selenium.remote.RemoteWebElement.click(RemoteWebElement.java:76)
	at ui.base.BasePage.clickWhenReady(BasePage.java:40)
	at ui.pages.LoginPage.clickSignupButton(LoginPage.java:37)
	at ui.tests.RegisterTest.registerUser(RegisterTest.java:25)
	at java.base/java.util.ArrayList.forEach(ArrayList.java:1541)
... Removed 35 stack frames</div></td></tr></table><p class="totop"><a href="#summary">back to summary</a></p>
<h3 id="m2">ui.tests.TestCasesPageTest#goToTestCasePage</h3><table class="result"><tr><th>Exception</th></tr><tr><td><div class="stacktrace">org.openqa.selenium.TimeoutException: Expected condition failed: waiting for visibility of element located by By.xpath: //h2[normalize-space()=&apos;Test Cases&apos;] (tried for 10 second(s) with 500 milliseconds interval)
Build info: version: &apos;4.38.0&apos;, revision: &apos;6b412e825c*&apos;
System info: os.name: &apos;Linux&apos;, os.arch: &apos;amd64&apos;, os.version: &apos;6.14.0-37-generic&apos;, java.version: &apos;11.0.29&apos;
Driver info: org.openqa.selenium.chrome.ChromeDriver
Capabilities {acceptInsecureCerts: false, browserName: chrome, browserVersion: 141.0.7390.107, chrome: {chromedriverVersion: 141.0.7390.122 (b477534e7e1..., userDataDir: /tmp/.org.chromium.Chromium...}, fedcm:accounts: true, goog:chromeOptions: {debuggerAddress: localhost:43113}, networkConnectionEnabled: false, pageLoadStrategy: normal, platformName: linux, proxy: Proxy(), se:cdp: ws://localhost:43113/devtoo..., se:cdpVersion: 141.0.7390.107, setWindowRect: true, strictFileInteractability: false, timeouts: {implicit: 0, pageLoad: 300000, script: 30000}, unhandledPromptBehavior: dismiss and notify, webauthn:extension:credBlob: true, webauthn:extension:largeBlob: true, webauthn:extension:minPinLength: true, webauthn:extension:prf: true, webauthn:virtualAuthenticators: true}
Session ID: eb5337698ba238cf31c337985ff60400
	at org.openqa.selenium.support.ui.WebDriverWait.timeoutException(WebDriverWait.java:84)
	at org.openqa.selenium.support.ui.FluentWait.until(FluentWait.java:228)
	at ui.base.BasePage.waitForVisible(BasePage.java:29)
	at ui.pages.TestCasePage.isTestCasesHeaderDisplayed(TestCasePage.java:11)
	at ui.tests.TestCasesPageTest.goToTestCasePage(TestCasesPageTest.java:18)
	at java.base/java.util.ArrayList.forEach(ArrayList.java:1541)
... Removed 31 stack frames</div></td></tr></table><p class="totop"><a href="#summary">back to summary</a></p>
<h3 id="m3">ui.tests.ViewProductTest#viewProduct</h3><table class="result"><tr><th>Exception</th></tr><tr><td><div class="stacktrace">org.openqa.selenium.TimeoutException: Expected condition failed: waiting for visibility of element located by By.xpath: //h2[normalize-space()=&apos;All Products&apos;] (tried for 10 second(s) with 500 milliseconds interval)
Build info: version: &apos;4.38.0&apos;, revision: &apos;6b412e825c*&apos;
System info: os.name: &apos;Linux&apos;, os.arch: &apos;amd64&apos;, os.version: &apos;6.14.0-37-generic&apos;, java.version: &apos;11.0.29&apos;
Driver info: org.openqa.selenium.chrome.ChromeDriver
Capabilities {acceptInsecureCerts: false, browserName: chrome, browserVersion: 141.0.7390.107, chrome: {chromedriverVersion: 141.0.7390.122 (b477534e7e1..., userDataDir: /tmp/.org.chromium.Chromium...}, fedcm:accounts: true, goog:chromeOptions: {debuggerAddress: localhost:37353}, networkConnectionEnabled: false, pageLoadStrategy: normal, platformName: linux, proxy: Proxy(), se:cdp: ws://localhost:37353/devtoo..., se:cdpVersion: 141.0.7390.107, setWindowRect: true, strictFileInteractability: false, timeouts: {implicit: 0, pageLoad: 300000, script: 30000}, unhandledPromptBehavior: dismiss and notify, webauthn:extension:credBlob: true, webauthn:extension:largeBlob: true, webauthn:extension:minPinLength: true, webauthn:extension:prf: true, webauthn:virtualAuthenticators: true}
Session ID: 526a0e82a7cbda4649154ff4104b0b76
	at org.openqa.selenium.support.ui.WebDriverWait.timeoutException(WebDriverWait.java:84)
	at org.openqa.selenium.support.ui.FluentWait.until(FluentWait.java:228)
	at ui.base.BasePage.waitForVisible(BasePage.java:29)
	at ui.pages.ProductPage.isProductPageDisplayed(ProductPage.java:26)
	at ui.tests.ViewProductTest.viewProduct(ViewProductTest.java:18)
	at java.base/java.util.ArrayList.forEach(ArrayList.java:1541)
... Removed 31 stack frames</div></td></tr></table><p class="totop"><a href="#summary">back to summary</a></p>
<h3 id="m4">api.tests.AllProducsTest#getAllProductsTest</h3><table class="result"><tr><th class="invisible"/></tr></table><p class="totop"><a href="#summary">back to summary</a></p>
<h3 id="m5">api.tests.AllProducsTest#postToALlProductsTest</h3><table class="result"><tr><th class="invisible"/></tr></table><p class="totop"><a href="#summary">back to summary</a></p>
<h3 id="m6">api.tests.DeleteUserTest#deleteUserAPI</h3><table class="result"><tr><th class="invisible"/></tr></table><p class="totop"><a href="#summary">back to summary</a></p>
<h3 id="m7">api.tests.LoginUserTest#loginUserTest</h3><table class="result"><tr><th class="invisible"/></tr></table><p class="totop"><a href="#summary">back to summary</a></p>
<h3 id="m8">api.tests.LoginUserTest#loginUserWithInvalidEmailTest</h3><table class="result"><tr><th class="invisible"/></tr></table><p class="totop"><a href="#summary">back to summary</a></p>
<h3 id="m9">api.tests.ProductBrandListTest#getProductBrandListTest</h3><table class="result"><tr><th class="invisible"/></tr></table><p class="totop"><a href="#summary">back to summary</a></p>
<h3 id="m10">api.tests.ProductBrandListTest#putProductBrandListTest</h3><table class="result"><tr><th class="invisible"/></tr></table><p class="totop"><a href="#summary">back to summary</a></p>
<h3 id="m11">api.tests.RegisterUserTest#registerUserAPI</h3><table class="result"><tr><th class="invisible"/></tr></table><p class="totop"><a href="#summary">back to summary</a></p>
<h3 id="m12">api.tests.SearchProductsTest#searchProductsTest</h3><table class="result"><tr><th class="invisible"/></tr></table><p class="totop"><a href="#summary">back to summary</a></p>
<h3 id="m13">api.tests.SearchProductsTest#searchProductsTest2</h3><table class="result"><tr><th class="invisible"/></tr></table><p class="totop"><a href="#summary">back to summary</a></p>
<h3 id="m14">ui.tests.IncorrectLoginTest#loginFailTest</h3><table class="result"><tr><th class="invisible"/></tr></table><p class="totop"><a href="#summary">back to summary</a></p>
<h3 id="m15">ui.tests.LogoutUserTest#logoutUser</h3><table class="result"><tr><th class="invisible"/></tr></table><p class="totop"><a href="#summary">back to summary</a></p>
<h3 id="m16">ui.tests.ProductSearchTest#productSearch</h3><table class="result"><tr><th class="invisible"/></tr></table><p class="totop"><a href="#summary">back to summary</a></p>
<h3 id="m17">ui.tests.RegWithExistingMailTest#regWithExistingMail</h3><table class="result"><tr><th class="invisible"/></tr></table><p class="totop"><a href="#summary">back to summary</a></p>
<h3 id="m18">ui.tests.SubscriptionCartTest#verifySubscriptionInCartPage</h3><table class="result"><tr><th class="invisible"/></tr></table><p class="totop"><a href="#summary">back to summary</a></p>
<h3 id="m19">ui.tests.SubscriptionHomeTest#verifySubscription</h3><table class="result"><tr><th class="invisible"/></tr></table><p class="totop"><a href="#summary">back to summary</a></p>
</body>
</html>
