<?xml version="1.0" encoding="UTF-8"?>
<!-- Generated by org.testng.reporters.JUnitReportReporter -->
<testsuite hostname="goodwork" failures="0" tests="2" name="api.tests.SearchProductsTest" time="0.929" errors="0" timestamp="2026-02-14T07:34:56 GET" skipped="0">
  <testcase classname="api.tests.SearchProductsTest" name="searchProductsTest2" time="0.278"/>
  <testcase classname="api.tests.SearchProductsTest" name="searchProductsTest" time="0.651"/>
</testsuite> <!-- api.tests.SearchProductsTest -->
