<?xml version="1.0" encoding="UTF-8"?>
<!-- Generated by org.testng.reporters.JUnitReportReporter -->
<testsuite hostname="goodwork" failures="0" tests="2" name="api.tests.ProductBrandListTest" time="0.763" errors="0" timestamp="2026-02-14T07:34:56 GET" skipped="0">
  <testcase classname="api.tests.ProductBrandListTest" name="getProductBrandListTest" time="0.494"/>
  <testcase classname="api.tests.ProductBrandListTest" name="putProductBrandListTest" time="0.269"/>
</testsuite> <!-- api.tests.ProductBrandListTest -->
